<?xml version="1.0" encoding="UTF-8"?>
<!-- Generated by org.testng.reporters.JUnitXMLReporter -->
<testsuite ignored="0" hostname="DESKTOP-O1RBTJN" failures="0" tests="3" name="Default test" time="8.267" errors="0" timestamp="2023-11-22T11:31:15 IST">
  <testcase classname="com.hrmorange.basics.Example1" name="verifyTitle" time="0.017"/>
  <testcase classname="com.hrmorange.basics.Example1" name="verifyUrl" time="0.029"/>
  <testcase classname="com.hrmorange.basics.Example1" name="verifyLoginTitle" time="0.379"/>
</testsuite> <!-- Default test -->
