<?xml version="1.0" encoding="UTF-8"?>
<!-- Generated by org.testng.reporters.JUnitXMLReporter -->
<testsuite ignored="0" hostname="DESKTOP-O1RBTJN" failures="0" tests="3" name="Test" time="6.938" errors="0" timestamp="2023-11-22T11:34:10 IST">
  <testcase classname="com.hrmorange.basics.Example1" name="verifyTitle" time="0.029"/>
  <testcase classname="com.hrmorange.basics.Example1" name="verifyUrl" time="0.019"/>
  <testcase classname="com.hrmorange.basics.Example1" name="verifyLoginTitle" time="0.238"/>
</testsuite> <!-- Test -->
