<?xml version="1.0" encoding="UTF-8"?>
<!-- Generated by org.testng.reporters.JUnitXMLReporter -->
<testsuite ignored="0" hostname="DESKTOP-O1RBTJN" failures="0" tests="4" name="Test" time="6.639" errors="0" timestamp="2023-11-22T12:17:13 IST">
  <testcase classname="com.hrmorange.basics.Example1" name="verifyTitle" time="0.011"/>
  <testcase classname="com.hrmorange.basics.Example1" name="verifyUrl" time="0.013"/>
  <testcase classname="com.hrmorange.basics.Example1" name="verifyLoginTitle" time="0.504"/>
  <testcase classname="com.hrmorange.basics.Example1" name="verifyUserName" time="0.022"/>
</testsuite> <!-- Test -->
