<?xml version="1.0" encoding="UTF-8"?>
<testng-results ignored="0" total="4" passed="4" failed="0" skipped="0">
  <reporter-output>
  </reporter-output>
  <suite started-at="2023-11-22T12:17:06 IST" name="Suite" finished-at="2023-11-22T12:17:13 IST" duration-ms="6639">
    <groups>
    </groups>
    <test started-at="2023-11-22T12:17:06 IST" name="Test" finished-at="2023-11-22T12:17:13 IST" duration-ms="6639">
      <class name="com.hrmorange.basics.Example1">
        <test-method is-config="true" signature="setUp()[pri:0, instance:com.hrmorange.basics.Example1@56620197]" started-at="2023-11-22T12:17:06 IST" name="setUp" finished-at="2023-11-22T12:17:12 IST" duration-ms="5967" status="PASS">
          <reporter-output>
          </reporter-output>
        </test-method> <!-- setUp -->
        <test-method signature="verifyTitle()[pri:1, instance:com.hrmorange.basics.Example1@56620197]" started-at="2023-11-22T12:17:12 IST" name="verifyTitle" finished-at="2023-11-22T12:17:12 IST" duration-ms="11" status="PASS">
          <reporter-output>
          </reporter-output>
        </test-method> <!-- verifyTitle -->
        <test-method signature="verifyUrl()[pri:2, instance:com.hrmorange.basics.Example1@56620197]" started-at="2023-11-22T12:17:12 IST" name="verifyUrl" finished-at="2023-11-22T12:17:12 IST" duration-ms="13" status="PASS">
          <reporter-output>
          </reporter-output>
        </test-method> <!-- verifyUrl -->
        <test-method signature="verifyLoginTitle()[pri:3, instance:com.hrmorange.basics.Example1@56620197]" started-at="2023-11-22T12:17:12 IST" name="verifyLoginTitle" finished-at="2023-11-22T12:17:13 IST" duration-ms="504" status="PASS">
          <reporter-output>
          </reporter-output>
        </test-method> <!-- verifyLoginTitle -->
        <test-method signature="verifyUserName()[pri:4, instance:com.hrmorange.basics.Example1@56620197]" started-at="2023-11-22T12:17:13 IST" name="verifyUserName" finished-at="2023-11-22T12:17:13 IST" duration-ms="22" status="PASS">
          <reporter-output>
          </reporter-output>
        </test-method> <!-- verifyUserName -->
        <test-method is-config="true" signature="tearDown()[pri:0, instance:com.hrmorange.basics.Example1@56620197]" started-at="2023-11-22T12:17:13 IST" name="tearDown" finished-at="2023-11-22T12:17:13 IST" duration-ms="80" status="PASS">
          <reporter-output>
          </reporter-output>
        </test-method> <!-- tearDown -->
      </class> <!-- com.hrmorange.basics.Example1 -->
    </test> <!-- Test -->
  </suite> <!-- Suite -->
</testng-results>
