<?xml version="1.0" encoding="UTF-8"?>
<testng-results ignored="0" total="3" passed="3" failed="0" skipped="0">
  <reporter-output>
  </reporter-output>
  <suite started-at="2023-11-22T11:34:03 IST" name="Suite" finished-at="2023-11-22T11:34:10 IST" duration-ms="6938">
    <groups>
    </groups>
    <test started-at="2023-11-22T11:34:03 IST" name="Test" finished-at="2023-11-22T11:34:10 IST" duration-ms="6938">
      <class name="com.hrmorange.basics.Example1">
        <test-method is-config="true" signature="setUp()[pri:0, instance:com.hrmorange.basics.Example1@2289aca5]" started-at="2023-11-22T11:34:04 IST" name="setUp" finished-at="2023-11-22T11:34:10 IST" duration-ms="6111" status="PASS">
          <reporter-output>
          </reporter-output>
        </test-method> <!-- setUp -->
        <test-method signature="verifyTitle()[pri:1, instance:com.hrmorange.basics.Example1@2289aca5]" started-at="2023-11-22T11:34:10 IST" name="verifyTitle" finished-at="2023-11-22T11:34:10 IST" duration-ms="29" status="PASS">
          <reporter-output>
          </reporter-output>
        </test-method> <!-- verifyTitle -->
        <test-method signature="verifyUrl()[pri:2, instance:com.hrmorange.basics.Example1@2289aca5]" started-at="2023-11-22T11:34:10 IST" name="verifyUrl" finished-at="2023-11-22T11:34:10 IST" duration-ms="19" status="PASS">
          <reporter-output>
          </reporter-output>
        </test-method> <!-- verifyUrl -->
        <test-method signature="verifyLoginTitle()[pri:3, instance:com.hrmorange.basics.Example1@2289aca5]" started-at="2023-11-22T11:34:10 IST" name="verifyLoginTitle" finished-at="2023-11-22T11:34:10 IST" duration-ms="238" status="PASS">
          <reporter-output>
          </reporter-output>
        </test-method> <!-- verifyLoginTitle -->
        <test-method is-config="true" signature="tearDown()[pri:0, instance:com.hrmorange.basics.Example1@2289aca5]" started-at="2023-11-22T11:34:10 IST" name="tearDown" finished-at="2023-11-22T11:34:10 IST" duration-ms="469" status="PASS">
          <reporter-output>
          </reporter-output>
        </test-method> <!-- tearDown -->
      </class> <!-- com.hrmorange.basics.Example1 -->
    </test> <!-- Test -->
  </suite> <!-- Suite -->
</testng-results>
